[2018-08-16 15:08:12] [INFO] - com.edu.snmp.groovy.util.SnmpData.snmpGet(SnmpData.java:92) - -------> 发送PDU <-------127.0.01
[2018-08-16 15:08:12] [INFO] - com.edu.snmp.groovy.util.SnmpData.snmpGet(SnmpData.java:101) - 127.0.01response pdu size is 1
[2018-08-16 15:08:12] [INFO] - com.edu.snmp.groovy.util.SnmpData.snmpGet(SnmpData.java:104) - 1.3.6.1.2.1.1.5.0 = KOL
[2018-08-16 15:08:12] [INFO] - com.edu.snmp.groovy.util.SnmpData.snmpGet(SnmpData.java:107) - SNMP GET one OID value finished !
[2018-08-16 15:09:44] [INFO] - com.edu.snmp.groovy.util.SnmpData.snmpGet(SnmpData.java:92) - -------> 发送PDU <-------127.0.01
[2018-08-16 15:09:44] [INFO] - com.edu.snmp.groovy.util.SnmpData.snmpGet(SnmpData.java:101) - 127.0.01response pdu size is 1
[2018-08-16 15:09:44] [INFO] - com.edu.snmp.groovy.util.SnmpData.snmpGet(SnmpData.java:104) - 1.3.6.1.2.1.1.5.0 = KOL
[2018-08-16 15:09:44] [INFO] - com.edu.snmp.groovy.util.SnmpData.snmpGet(SnmpData.java:107) - SNMP GET one OID value finished !
[2018-08-16 15:10:01] [INFO] - com.edu.snmp.groovy.util.SnmpData.snmpGet(SnmpData.java:92) - -------> 发送PDU <-------127.0.01
[2018-08-16 15:10:02] [INFO] - com.edu.snmp.groovy.util.SnmpData.snmpGet(SnmpData.java:101) - 127.0.01response pdu size is 1
[2018-08-16 15:10:02] [INFO] - com.edu.snmp.groovy.util.SnmpData.snmpGet(SnmpData.java:104) - 1.3.6.1.2.1.2.2.1 = Null
[2018-08-16 15:10:02] [INFO] - com.edu.snmp.groovy.util.SnmpData.snmpGet(SnmpData.java:107) - SNMP GET one OID value finished !
[2018-08-16 15:13:20] [INFO] - com.edu.snmp.groovy.util.SnmpData.snmpGet(SnmpData.java:92) - -------> 发送PDU <-------127.0.01
[2018-08-16 15:13:20] [INFO] - com.edu.snmp.groovy.util.SnmpData.snmpGet(SnmpData.java:101) - 127.0.01response pdu size is 1
[2018-08-16 15:13:20] [INFO] - com.edu.snmp.groovy.util.SnmpData.snmpGet(SnmpData.java:102) - 127.0.01response pdu size is RESPONSE[requestID=874986499, errorStatus=No such name(2), errorIndex=1, VBS[1.3.6.1.2.1.2.2.1 = Null]]
[2018-08-16 15:13:20] [INFO] - com.edu.snmp.groovy.util.SnmpData.snmpGet(SnmpData.java:106) - 1.3.6.1.2.1.2.2.1 = Null
[2018-08-16 15:13:20] [INFO] - com.edu.snmp.groovy.util.SnmpData.snmpGet(SnmpData.java:109) - SNMP GET one OID value finished !
[2018-08-16 15:14:29] [INFO] - com.edu.snmp.groovy.util.SnmpData.snmpGet(SnmpData.java:92) - -------> 发送PDU <-------127.0.01
[2018-08-16 15:14:29] [INFO] - com.edu.snmp.groovy.util.SnmpData.snmpGet(SnmpData.java:101) - 127.0.01response pdu size is 1
[2018-08-16 15:14:29] [INFO] - com.edu.snmp.groovy.util.SnmpData.snmpGet(SnmpData.java:102) - 127.0.01response pdu size is RESPONSE[requestID=1862856243, errorStatus=No such name(2), errorIndex=1, VBS[1.3.6.1.2.1.2.2.1.1 = Null]]
[2018-08-16 15:14:29] [INFO] - com.edu.snmp.groovy.util.SnmpData.snmpGet(SnmpData.java:106) - 1.3.6.1.2.1.2.2.1.1 = Null
[2018-08-16 15:14:29] [INFO] - com.edu.snmp.groovy.util.SnmpData.snmpGet(SnmpData.java:109) - SNMP GET one OID value finished !
[2018-08-16 15:14:31] [INFO] - com.edu.snmp.groovy.util.SnmpData.snmpGet(SnmpData.java:92) - -------> 发送PDU <-------127.0.01
[2018-08-16 15:14:31] [INFO] - com.edu.snmp.groovy.util.SnmpData.snmpGet(SnmpData.java:101) - 127.0.01response pdu size is 1
[2018-08-16 15:14:31] [INFO] - com.edu.snmp.groovy.util.SnmpData.snmpGet(SnmpData.java:102) - 127.0.01response pdu size is RESPONSE[requestID=611166815, errorStatus=No such name(2), errorIndex=1, VBS[1.3.6.1.2.1.2.2.1.1 = Null]]
[2018-08-16 15:14:31] [INFO] - com.edu.snmp.groovy.util.SnmpData.snmpGet(SnmpData.java:106) - 1.3.6.1.2.1.2.2.1.1 = Null
[2018-08-16 15:14:31] [INFO] - com.edu.snmp.groovy.util.SnmpData.snmpGet(SnmpData.java:109) - SNMP GET one OID value finished !
[2018-08-16 15:15:41] [INFO] - com.edu.snmp.groovy.util.SnmpData.snmpGet(SnmpData.java:92) - -------> 发送PDU <-------127.0.01
[2018-08-16 15:15:41] [INFO] - com.edu.snmp.groovy.util.SnmpData.snmpGet(SnmpData.java:101) - 127.0.01response pdu size is 1
[2018-08-16 15:15:41] [INFO] - com.edu.snmp.groovy.util.SnmpData.snmpGet(SnmpData.java:102) - 127.0.01response pdu size is RESPONSE[requestID=1736574571, errorStatus=No such name(2), errorIndex=1, VBS[1.3.6.1.2.1.25.3.3.1.1 = Null]]
[2018-08-16 15:15:41] [INFO] - com.edu.snmp.groovy.util.SnmpData.snmpGet(SnmpData.java:106) - 1.3.6.1.2.1.25.3.3.1.1 = Null
[2018-08-16 15:15:41] [INFO] - com.edu.snmp.groovy.util.SnmpData.snmpGet(SnmpData.java:109) - SNMP GET one OID value finished !
[2018-08-16 15:17:40] [INFO] - com.edu.snmp.groovy.util.SnmpData.snmpGet(SnmpData.java:92) - -------> 发送PDU <-------127.0.01
[2018-08-16 15:17:40] [INFO] - com.edu.snmp.groovy.util.SnmpData.snmpGet(SnmpData.java:101) - 127.0.01response pdu size is 1
[2018-08-16 15:17:40] [INFO] - com.edu.snmp.groovy.util.SnmpData.snmpGet(SnmpData.java:102) - 127.0.01response pdu size is RESPONSE[requestID=1801361045, errorStatus=Success(0), errorIndex=0, VBS[1.3.6.1.2.1.1.1.0 = Hardware: Intel64 Family 6 Model 142 Stepping 9 AT/AT COMPATIBLE - Software: Windows Version 6.3 (Build 14393 Multiprocessor Free)]]
[2018-08-16 15:17:40] [INFO] - com.edu.snmp.groovy.util.SnmpData.snmpGet(SnmpData.java:106) - 1.3.6.1.2.1.1.1.0 = Hardware: Intel64 Family 6 Model 142 Stepping 9 AT/AT COMPATIBLE - Software: Windows Version 6.3 (Build 14393 Multiprocessor Free)
[2018-08-16 15:17:40] [INFO] - com.edu.snmp.groovy.util.SnmpData.snmpGet(SnmpData.java:109) - SNMP GET one OID value finished !
[2018-08-16 15:22:45] [INFO] - com.edu.snmp.groovy.util.SnmpData.snmpGet(SnmpData.java:92) - -------> 发送PDU <-------127.0.01
[2018-08-16 15:22:46] [INFO] - com.edu.snmp.groovy.util.SnmpData.snmpGet(SnmpData.java:101) - 127.0.01response pdu size is 1
[2018-08-16 15:22:46] [INFO] - com.edu.snmp.groovy.util.SnmpData.snmpGet(SnmpData.java:102) - 127.0.01RESPONSE[requestID=349588966, errorStatus=No such name(2), errorIndex=1, VBS[1.3.6.1.2.1.25.3.3.1.1 = Null]]
[2018-08-16 15:22:46] [INFO] - com.edu.snmp.groovy.util.SnmpData.snmpGet(SnmpData.java:106) - 1.3.6.1.2.1.25.3.3.1.1 = Null
[2018-08-16 15:22:46] [INFO] - com.edu.snmp.groovy.util.SnmpData.snmpGet(SnmpData.java:109) - SNMP GET one OID value finished !
[2018-08-16 15:23:07] [INFO] - com.edu.snmp.groovy.util.SnmpData.snmpGet(SnmpData.java:92) - -------> 发送PDU <-------127.0.01
[2018-08-16 15:23:07] [INFO] - com.edu.snmp.groovy.util.SnmpData.snmpGet(SnmpData.java:101) - 127.0.01response pdu size is 1
[2018-08-16 15:23:07] [INFO] - com.edu.snmp.groovy.util.SnmpData.snmpGet(SnmpData.java:102) - 127.0.01RESPONSE[requestID=1407662503, errorStatus=No such name(2), errorIndex=1, VBS[1.3.6.1.2.1.25.3.3.1.1.1 = Null]]
[2018-08-16 15:23:07] [INFO] - com.edu.snmp.groovy.util.SnmpData.snmpGet(SnmpData.java:106) - 1.3.6.1.2.1.25.3.3.1.1.1 = Null
[2018-08-16 15:23:07] [INFO] - com.edu.snmp.groovy.util.SnmpData.snmpGet(SnmpData.java:109) - SNMP GET one OID value finished !
